[2020-06-14 21:01:22.875] [jointLog] [info] setting maxHashResizeThreads to 8
[2020-06-14 21:01:22.875] [jointLog] [info] Fragment incompatibility prior below threshold.  Incompatible fragments will be ignored.
[2020-06-14 21:01:22.875] [jointLog] [info] Usage of --validateMappings implies use of minScoreFraction. Since not explicitly specified, it is being set to 0.65
[2020-06-14 21:01:22.875] [jointLog] [info] Usage of --validateMappings implies a default consensus slack of 0.2. Setting consensusSlack to 0.35.
[2020-06-14 21:01:22.875] [jointLog] [info] parsing read library format
[2020-06-14 21:01:22.875] [jointLog] [info] There is 1 library.
[2020-06-14 21:01:22.950] [jointLog] [info] Loading pufferfish index
[2020-06-14 21:01:22.950] [jointLog] [info] Loading dense pufferfish index.
[2020-06-14 21:01:24.037] [jointLog] [info] done
[2020-06-14 21:01:24.037] [jointLog] [info] Index contained 140,992 targets
[2020-06-14 21:01:24.069] [jointLog] [info] Number of decoys : 0
[2020-06-14 21:01:26.525] [fileLog] [info] 
At end of round 0
==================
Observed 41541 total fragments (41541 in most recent round)

[2020-06-14 21:01:26.525] [jointLog] [info] Computed 9,271 rich equivalence classes for further processing
[2020-06-14 21:01:26.525] [jointLog] [info] Counted 19,239 total reads in the equivalence classes 
[2020-06-14 21:01:26.534] [jointLog] [info] Number of mappings discarded because of alignment score : 142,665
[2020-06-14 21:01:26.534] [jointLog] [info] Number of fragments entirely discarded because of alignment score : 2,939
[2020-06-14 21:01:26.534] [jointLog] [info] Number of fragments discarded because they are best-mapped to decoys : 0
[2020-06-14 21:01:26.534] [jointLog] [info] Number of fragments discarded because they have only dovetail (discordant) mappings to valid targets : 3,745
[2020-06-14 21:01:26.542] [jointLog] [warning] Only 19239 fragments were mapped, but the number of burn-in fragments was set to 5000000.
The effective lengths have been computed using the observed mappings.

[2020-06-14 21:01:26.542] [jointLog] [info] Mapping rate = 46.3133%

[2020-06-14 21:01:26.542] [jointLog] [info] finished quantifyLibrary()
[2020-06-14 21:01:26.544] [jointLog] [info] Starting optimizer
[2020-06-14 21:01:26.577] [jointLog] [info] Marked 0 weighted equivalence classes as degenerate
[2020-06-14 21:01:26.582] [jointLog] [info] iteration = 0 | max rel diff. = 12.1178
[2020-06-14 21:01:27.085] [jointLog] [info] iteration = 100 | max rel diff. = 0.420382
[2020-06-14 21:01:27.556] [jointLog] [info] iteration = 200 | max rel diff. = 0.00169169
[2020-06-14 21:01:27.556] [jointLog] [info] iteration = 201 | max rel diff. = 0.00169169
[2020-06-14 21:01:27.559] [jointLog] [info] Finished optimizer
[2020-06-14 21:01:27.559] [jointLog] [info] writing output 

[2020-06-14 21:01:27.789] [jointLog] [warning] NOTE: Read Lib [[ 146A_CA3_2_S59_L003_R1_001.fastq.gz, 146A_CA3_2_S59_L003_R2_001.fastq.gz]] :

Detected a *potential* strand bias > 1% in an unstranded protocol check the file: ../quants/146A_CA3_2_S59_L003_quant/lib_format_counts.json for details

