[2020-06-14 21:02:06.858] [jointLog] [info] setting maxHashResizeThreads to 8
[2020-06-14 21:02:06.858] [jointLog] [info] Fragment incompatibility prior below threshold.  Incompatible fragments will be ignored.
[2020-06-14 21:02:06.858] [jointLog] [info] Usage of --validateMappings implies use of minScoreFraction. Since not explicitly specified, it is being set to 0.65
[2020-06-14 21:02:06.858] [jointLog] [info] Usage of --validateMappings implies a default consensus slack of 0.2. Setting consensusSlack to 0.35.
[2020-06-14 21:02:06.858] [jointLog] [info] parsing read library format
[2020-06-14 21:02:06.858] [jointLog] [info] There is 1 library.
[2020-06-14 21:02:06.937] [jointLog] [info] Loading pufferfish index
[2020-06-14 21:02:06.937] [jointLog] [info] Loading dense pufferfish index.
[2020-06-14 21:02:08.050] [jointLog] [info] done
[2020-06-14 21:02:08.050] [jointLog] [info] Index contained 140,992 targets
[2020-06-14 21:02:08.084] [jointLog] [info] Number of decoys : 0
[2020-06-14 21:02:08.916] [fileLog] [info] 
At end of round 0
==================
Observed 5044 total fragments (5044 in most recent round)

[2020-06-14 21:02:08.916] [jointLog] [info] Computed 2,555 rich equivalence classes for further processing
[2020-06-14 21:02:08.916] [jointLog] [info] Counted 3,233 total reads in the equivalence classes 
[2020-06-14 21:02:08.919] [jointLog] [info] Number of mappings discarded because of alignment score : 17,913
[2020-06-14 21:02:08.919] [jointLog] [info] Number of fragments entirely discarded because of alignment score : 429
[2020-06-14 21:02:08.919] [jointLog] [info] Number of fragments discarded because they are best-mapped to decoys : 0
[2020-06-14 21:02:08.919] [jointLog] [info] Number of fragments discarded because they have only dovetail (discordant) mappings to valid targets : 470
[2020-06-14 21:02:08.927] [jointLog] [warning] Only 3233 fragments were mapped, but the number of burn-in fragments was set to 5000000.
The effective lengths have been computed using the observed mappings.

[2020-06-14 21:02:08.927] [jointLog] [info] Mapping rate = 64.096%

[2020-06-14 21:02:08.927] [jointLog] [info] finished quantifyLibrary()
[2020-06-14 21:02:08.927] [jointLog] [info] Starting optimizer
[2020-06-14 21:02:08.958] [jointLog] [info] Marked 0 weighted equivalence classes as degenerate
[2020-06-14 21:02:08.962] [jointLog] [info] iteration = 0 | max rel diff. = 1.18865
[2020-06-14 21:02:09.411] [jointLog] [info] iteration = 100 | max rel diff. = 0.000516839
[2020-06-14 21:02:09.413] [jointLog] [info] Finished optimizer
[2020-06-14 21:02:09.413] [jointLog] [info] writing output 

[2020-06-14 21:02:09.619] [jointLog] [warning] NOTE: Read Lib [[ 147D_DG_1_S75_L003_R1_001.fastq.gz, 147D_DG_1_S75_L003_R2_001.fastq.gz]] :

Detected a *potential* strand bias > 1% in an unstranded protocol check the file: ../quants/147D_DG_1_S75_L003_quant/lib_format_counts.json for details

