INFO [2017-01-23 15:23:48] $scaled
INFO [2017-01-23 15:23:48] T
INFO [2017-01-23 15:23:48] 
INFO [2017-01-23 15:23:48] $x
INFO [2017-01-23 15:23:48] candidates
INFO [2017-01-23 15:23:48] 
INFO [2017-01-23 15:23:48] $filename
INFO [2017-01-23 15:23:48] NULL
INFO [2017-01-23 15:23:48] 
INFO [2017-01-23 15:23:48] $col
INFO [2017-01-23 15:23:48] [1] "black"
INFO [2017-01-23 15:23:48] 
INFO [2017-01-23 15:23:48] $fill
INFO [2017-01-23 15:23:48] c("white", "white", "white", "white")
INFO [2017-01-23 15:23:48] 
INFO [2017-01-23 15:23:48] $alpha
INFO [2017-01-23 15:23:48] [1] 0.5
INFO [2017-01-23 15:23:48] 
INFO [2017-01-23 15:23:48] $cex
INFO [2017-01-23 15:23:48] [1] 1
INFO [2017-01-23 15:23:48] 
INFO [2017-01-23 15:23:48] $fontfamily
INFO [2017-01-23 15:23:48] [1] "sans"
INFO [2017-01-23 15:23:48] 
INFO [2017-01-23 15:23:48] $cat.default.pos
INFO [2017-01-23 15:23:48] [1] "text"
INFO [2017-01-23 15:23:48] 
INFO [2017-01-23 15:23:48] $cat.cex
INFO [2017-01-23 15:23:48] [1] 1
INFO [2017-01-23 15:23:48] 
INFO [2017-01-23 15:23:48] $cat.fontfamily
INFO [2017-01-23 15:23:48] [1] "sans"
INFO [2017-01-23 15:23:48] 
INFO [2017-01-23 15:23:48] $scaled
INFO [2017-01-23 15:23:48] T
INFO [2017-01-23 15:23:48] 
INFO [2017-01-23 15:23:48] $x
INFO [2017-01-23 15:23:48] candidates
INFO [2017-01-23 15:23:48] 
INFO [2017-01-23 15:23:48] $filename
INFO [2017-01-23 15:23:48] NULL
INFO [2017-01-23 15:23:48] 
INFO [2017-01-23 15:23:48] $col
INFO [2017-01-23 15:23:48] [1] "black"
INFO [2017-01-23 15:23:48] 
INFO [2017-01-23 15:23:48] $fill
INFO [2017-01-23 15:23:48] c("white", "white", "white")
INFO [2017-01-23 15:23:48] 
INFO [2017-01-23 15:23:48] $alpha
INFO [2017-01-23 15:23:48] [1] 0.5
INFO [2017-01-23 15:23:48] 
INFO [2017-01-23 15:23:48] $cex
INFO [2017-01-23 15:23:48] [1] 1
INFO [2017-01-23 15:23:48] 
INFO [2017-01-23 15:23:48] $fontfamily
INFO [2017-01-23 15:23:48] [1] "sans"
INFO [2017-01-23 15:23:48] 
INFO [2017-01-23 15:23:48] $cat.default.pos
INFO [2017-01-23 15:23:48] [1] "text"
INFO [2017-01-23 15:23:48] 
INFO [2017-01-23 15:23:48] $cat.cex
INFO [2017-01-23 15:23:48] [1] 1
INFO [2017-01-23 15:23:48] 
INFO [2017-01-23 15:23:48] $cat.fontfamily
INFO [2017-01-23 15:23:48] [1] "sans"
INFO [2017-01-23 15:23:48] 
