[2020-06-14 21:01:56.395] [jointLog] [info] setting maxHashResizeThreads to 8
[2020-06-14 21:01:56.395] [jointLog] [info] Fragment incompatibility prior below threshold.  Incompatible fragments will be ignored.
[2020-06-14 21:01:56.395] [jointLog] [info] Usage of --validateMappings implies use of minScoreFraction. Since not explicitly specified, it is being set to 0.65
[2020-06-14 21:01:56.395] [jointLog] [info] Usage of --validateMappings implies a default consensus slack of 0.2. Setting consensusSlack to 0.35.
[2020-06-14 21:01:56.395] [jointLog] [info] parsing read library format
[2020-06-14 21:01:56.395] [jointLog] [info] There is 1 library.
[2020-06-14 21:01:56.471] [jointLog] [info] Loading pufferfish index
[2020-06-14 21:01:56.471] [jointLog] [info] Loading dense pufferfish index.
[2020-06-14 21:01:57.495] [jointLog] [info] done
[2020-06-14 21:01:57.495] [jointLog] [info] Index contained 140,992 targets
[2020-06-14 21:01:57.530] [jointLog] [info] Number of decoys : 0
[2020-06-14 21:02:01.634] [jointLog] [info] Computed 1,266 rich equivalence classes for further processing
[2020-06-14 21:02:01.634] [jointLog] [info] Counted 1,576 total reads in the equivalence classes 
[2020-06-14 21:02:01.638] [jointLog] [info] Number of mappings discarded because of alignment score : 260,466
[2020-06-14 21:02:01.638] [jointLog] [info] Number of fragments entirely discarded because of alignment score : 3,955
[2020-06-14 21:02:01.638] [jointLog] [info] Number of fragments discarded because they are best-mapped to decoys : 0
[2020-06-14 21:02:01.638] [jointLog] [info] Number of fragments discarded because they have only dovetail (discordant) mappings to valid targets : 492
[2020-06-14 21:02:01.646] [jointLog] [warning] Only 1576 fragments were mapped, but the number of burn-in fragments was set to 5000000.
The effective lengths have been computed using the observed mappings.

[2020-06-14 21:02:01.646] [jointLog] [info] Mapping rate = 3.44451%

[2020-06-14 21:02:01.646] [jointLog] [info] finished quantifyLibrary()
[2020-06-14 21:02:01.646] [jointLog] [info] Starting optimizer
[2020-06-14 21:02:01.678] [jointLog] [info] Marked 0 weighted equivalence classes as degenerate
[2020-06-14 21:02:01.683] [jointLog] [info] iteration = 0 | max rel diff. = 0.999436
[2020-06-14 21:02:01.635] [fileLog] [info] 
At end of round 0
==================
Observed 45754 total fragments (45754 in most recent round)

[2020-06-14 21:02:02.193] [jointLog] [info] iteration = 100 | max rel diff. = 0.0358774
[2020-06-14 21:02:02.231] [jointLog] [info] iteration = 108 | max rel diff. = 0.00304086
[2020-06-14 21:02:02.233] [jointLog] [info] Finished optimizer
[2020-06-14 21:02:02.233] [jointLog] [info] writing output 

[2020-06-14 21:02:02.433] [jointLog] [warning] NOTE: Read Lib [[ 146D_DG_3_S69_L003_R1_001.fastq.gz, 146D_DG_3_S69_L003_R2_001.fastq.gz]] :

Detected a *potential* strand bias > 1% in an unstranded protocol check the file: ../quants/146D_DG_3_S69_L003_quant/lib_format_counts.json for details

