[2020-06-14 21:02:44.114] [jointLog] [info] setting maxHashResizeThreads to 8
[2020-06-14 21:02:44.114] [jointLog] [info] Fragment incompatibility prior below threshold.  Incompatible fragments will be ignored.
[2020-06-14 21:02:44.114] [jointLog] [info] Usage of --validateMappings implies use of minScoreFraction. Since not explicitly specified, it is being set to 0.65
[2020-06-14 21:02:44.115] [jointLog] [info] Usage of --validateMappings implies a default consensus slack of 0.2. Setting consensusSlack to 0.35.
[2020-06-14 21:02:44.115] [jointLog] [info] parsing read library format
[2020-06-14 21:02:44.115] [jointLog] [info] There is 1 library.
[2020-06-14 21:02:44.193] [jointLog] [info] Loading pufferfish index
[2020-06-14 21:02:44.193] [jointLog] [info] Loading dense pufferfish index.
[2020-06-14 21:02:45.322] [jointLog] [info] done
[2020-06-14 21:02:45.322] [jointLog] [info] Index contained 140,992 targets
[2020-06-14 21:02:45.360] [jointLog] [info] Number of decoys : 0
[2020-06-14 21:02:46.330] [jointLog] [info] Computed 1,718 rich equivalence classes for further processing
[2020-06-14 21:02:46.330] [jointLog] [info] Counted 2,134 total reads in the equivalence classes 
[2020-06-14 21:02:46.335] [jointLog] [info] Number of mappings discarded because of alignment score : 24,418
[2020-06-14 21:02:46.335] [jointLog] [info] Number of fragments entirely discarded because of alignment score : 489
[2020-06-14 21:02:46.335] [jointLog] [info] Number of fragments discarded because they are best-mapped to decoys : 0
[2020-06-14 21:02:46.335] [jointLog] [info] Number of fragments discarded because they have only dovetail (discordant) mappings to valid targets : 378
[2020-06-14 21:02:46.342] [jointLog] [warning] Only 2134 fragments were mapped, but the number of burn-in fragments was set to 5000000.
The effective lengths have been computed using the observed mappings.

[2020-06-14 21:02:46.342] [jointLog] [info] Mapping rate = 33.3333%

[2020-06-14 21:02:46.342] [jointLog] [info] finished quantifyLibrary()
[2020-06-14 21:02:46.343] [jointLog] [info] Starting optimizer
[2020-06-14 21:02:46.375] [jointLog] [info] Marked 0 weighted equivalence classes as degenerate
[2020-06-14 21:02:46.379] [jointLog] [info] iteration = 0 | max rel diff. = 0.999106
[2020-06-14 21:02:46.330] [fileLog] [info] 
At end of round 0
==================
Observed 6402 total fragments (6402 in most recent round)

[2020-06-14 21:02:46.810] [jointLog] [info] iteration = 100 | max rel diff. = 5.0576e-05
[2020-06-14 21:02:46.813] [jointLog] [info] Finished optimizer
[2020-06-14 21:02:46.813] [jointLog] [info] writing output 

[2020-06-14 21:02:47.016] [jointLog] [warning] NOTE: Read Lib [[ 148_CA3_2_S86_L003_R1_001.fastq.gz, 148_CA3_2_S86_L003_R2_001.fastq.gz]] :

Detected a *potential* strand bias > 1% in an unstranded protocol check the file: ../quants/148_CA3_2_S86_L003_quant/lib_format_counts.json for details

