[2020-06-14 21:01:39.604] [jointLog] [info] setting maxHashResizeThreads to 8
[2020-06-14 21:01:39.604] [jointLog] [info] Fragment incompatibility prior below threshold.  Incompatible fragments will be ignored.
[2020-06-14 21:01:39.604] [jointLog] [info] Usage of --validateMappings implies use of minScoreFraction. Since not explicitly specified, it is being set to 0.65
[2020-06-14 21:01:39.604] [jointLog] [info] Usage of --validateMappings implies a default consensus slack of 0.2. Setting consensusSlack to 0.35.
[2020-06-14 21:01:39.604] [jointLog] [info] parsing read library format
[2020-06-14 21:01:39.604] [jointLog] [info] There is 1 library.
[2020-06-14 21:01:39.681] [jointLog] [info] Loading pufferfish index
[2020-06-14 21:01:39.681] [jointLog] [info] Loading dense pufferfish index.
[2020-06-14 21:01:40.746] [jointLog] [info] done
[2020-06-14 21:01:40.746] [jointLog] [info] Index contained 140,992 targets
[2020-06-14 21:01:40.777] [jointLog] [info] Number of decoys : 0
[2020-06-14 21:01:43.347] [jointLog] [info] Computed 11,049 rich equivalence classes for further processing
[2020-06-14 21:01:43.347] [jointLog] [info] Counted 22,286 total reads in the equivalence classes 
[2020-06-14 21:01:43.353] [jointLog] [info] Number of mappings discarded because of alignment score : 143,518
[2020-06-14 21:01:43.353] [jointLog] [info] Number of fragments entirely discarded because of alignment score : 2,905
[2020-06-14 21:01:43.353] [jointLog] [info] Number of fragments discarded because they are best-mapped to decoys : 0
[2020-06-14 21:01:43.353] [jointLog] [info] Number of fragments discarded because they have only dovetail (discordant) mappings to valid targets : 4,584
[2020-06-14 21:01:43.360] [jointLog] [warning] Only 22286 fragments were mapped, but the number of burn-in fragments was set to 5000000.
The effective lengths have been computed using the observed mappings.

[2020-06-14 21:01:43.360] [jointLog] [info] Mapping rate = 54.5157%

[2020-06-14 21:01:43.360] [jointLog] [info] finished quantifyLibrary()
[2020-06-14 21:01:43.361] [jointLog] [info] Starting optimizer
[2020-06-14 21:01:43.399] [jointLog] [info] Marked 0 weighted equivalence classes as degenerate
[2020-06-14 21:01:43.403] [jointLog] [info] iteration = 0 | max rel diff. = 13.7964
[2020-06-14 21:01:43.347] [fileLog] [info] 
At end of round 0
==================
Observed 40880 total fragments (40880 in most recent round)

[2020-06-14 21:01:43.967] [jointLog] [info] iteration = 100 | max rel diff. = 0.192404
[2020-06-14 21:01:44.227] [jointLog] [info] iteration = 148 | max rel diff. = 0.00770986
[2020-06-14 21:01:44.232] [jointLog] [info] Finished optimizer
[2020-06-14 21:01:44.232] [jointLog] [info] writing output 

[2020-06-14 21:01:44.449] [jointLog] [warning] NOTE: Read Lib [[ 146B_CA3_2_S62_L003_R1_001.fastq.gz, 146B_CA3_2_S62_L003_R2_001.fastq.gz]] :

Detected a *potential* strand bias > 1% in an unstranded protocol check the file: ../quants/146B_CA3_2_S62_L003_quant/lib_format_counts.json for details

