[2020-06-14 21:00:27.309] [jointLog] [info] setting maxHashResizeThreads to 8
[2020-06-14 21:00:27.309] [jointLog] [info] Fragment incompatibility prior below threshold.  Incompatible fragments will be ignored.
[2020-06-14 21:00:27.309] [jointLog] [info] Usage of --validateMappings implies use of minScoreFraction. Since not explicitly specified, it is being set to 0.65
[2020-06-14 21:00:27.309] [jointLog] [info] Usage of --validateMappings implies a default consensus slack of 0.2. Setting consensusSlack to 0.35.
[2020-06-14 21:00:27.309] [jointLog] [info] parsing read library format
[2020-06-14 21:00:27.309] [jointLog] [info] There is 1 library.
[2020-06-14 21:00:27.389] [jointLog] [info] Loading pufferfish index
[2020-06-14 21:00:27.389] [jointLog] [info] Loading dense pufferfish index.
[2020-06-14 21:00:28.565] [jointLog] [info] done
[2020-06-14 21:00:28.565] [jointLog] [info] Index contained 140,992 targets
[2020-06-14 21:00:28.604] [jointLog] [info] Number of decoys : 0
[2020-06-14 21:00:32.236] [jointLog] [info] Computed 6,805 rich equivalence classes for further processing
[2020-06-14 21:00:32.236] [jointLog] [info] Counted 10,902 total reads in the equivalence classes 
[2020-06-14 21:00:32.242] [jointLog] [info] Number of mappings discarded because of alignment score : 175,511
[2020-06-14 21:00:32.242] [jointLog] [info] Number of fragments entirely discarded because of alignment score : 3,339
[2020-06-14 21:00:32.242] [jointLog] [info] Number of fragments discarded because they are best-mapped to decoys : 0
[2020-06-14 21:00:32.242] [jointLog] [info] Number of fragments discarded because they have only dovetail (discordant) mappings to valid targets : 1,695
[2020-06-14 21:00:32.249] [jointLog] [warning] Only 10902 fragments were mapped, but the number of burn-in fragments was set to 5000000.
The effective lengths have been computed using the observed mappings.

[2020-06-14 21:00:32.249] [jointLog] [info] Mapping rate = 23.911%

[2020-06-14 21:00:32.249] [jointLog] [info] finished quantifyLibrary()
[2020-06-14 21:00:32.250] [jointLog] [info] Starting optimizer
[2020-06-14 21:00:32.282] [jointLog] [info] Marked 0 weighted equivalence classes as degenerate
[2020-06-14 21:00:32.286] [jointLog] [info] iteration = 0 | max rel diff. = 6.33234
[2020-06-14 21:00:32.236] [fileLog] [info] 
At end of round 0
==================
Observed 45594 total fragments (45594 in most recent round)

[2020-06-14 21:00:32.752] [jointLog] [info] iteration = 100 | max rel diff. = 0.00878322
[2020-06-14 21:00:32.755] [jointLog] [info] Finished optimizer
[2020-06-14 21:00:32.755] [jointLog] [info] writing output 

[2020-06-14 21:00:32.955] [jointLog] [warning] NOTE: Read Lib [[ 142C_DG_S_S21_L003_R1_001.fastq.gz, 142C_DG_S_S21_L003_R2_001.fastq.gz]] :

Detected a *potential* strand bias > 1% in an unstranded protocol check the file: ../quants/142C_DG_S_S21_L003_quant/lib_format_counts.json for details

