[2020-06-14 21:01:33.729] [jointLog] [info] setting maxHashResizeThreads to 8
[2020-06-14 21:01:33.729] [jointLog] [info] Fragment incompatibility prior below threshold.  Incompatible fragments will be ignored.
[2020-06-14 21:01:33.729] [jointLog] [info] Usage of --validateMappings implies use of minScoreFraction. Since not explicitly specified, it is being set to 0.65
[2020-06-14 21:01:33.729] [jointLog] [info] Usage of --validateMappings implies a default consensus slack of 0.2. Setting consensusSlack to 0.35.
[2020-06-14 21:01:33.729] [jointLog] [info] parsing read library format
[2020-06-14 21:01:33.729] [jointLog] [info] There is 1 library.
[2020-06-14 21:01:33.807] [jointLog] [info] Loading pufferfish index
[2020-06-14 21:01:33.807] [jointLog] [info] Loading dense pufferfish index.
[2020-06-14 21:01:34.887] [jointLog] [info] done
[2020-06-14 21:01:34.887] [jointLog] [info] Index contained 140,992 targets
[2020-06-14 21:01:34.919] [jointLog] [info] Number of decoys : 0
[2020-06-14 21:01:38.134] [jointLog] [info] Computed 2,538 rich equivalence classes for further processing
[2020-06-14 21:01:38.134] [jointLog] [info] Counted 3,286 total reads in the equivalence classes 
[2020-06-14 21:01:38.138] [jointLog] [info] Number of mappings discarded because of alignment score : 182,094
[2020-06-14 21:01:38.138] [jointLog] [info] Number of fragments entirely discarded because of alignment score : 3,148
[2020-06-14 21:01:38.138] [jointLog] [info] Number of fragments discarded because they are best-mapped to decoys : 0
[2020-06-14 21:01:38.138] [jointLog] [info] Number of fragments discarded because they have only dovetail (discordant) mappings to valid targets : 785
[2020-06-14 21:01:38.146] [jointLog] [warning] Only 3286 fragments were mapped, but the number of burn-in fragments was set to 5000000.
The effective lengths have been computed using the observed mappings.

[2020-06-14 21:01:38.146] [jointLog] [info] Mapping rate = 7.22817%

[2020-06-14 21:01:38.146] [jointLog] [info] finished quantifyLibrary()
[2020-06-14 21:01:38.148] [jointLog] [info] Starting optimizer
[2020-06-14 21:01:38.181] [jointLog] [info] Marked 0 weighted equivalence classes as degenerate
[2020-06-14 21:01:38.186] [jointLog] [info] iteration = 0 | max rel diff. = 1.2158
[2020-06-14 21:01:38.135] [fileLog] [info] 
At end of round 0
==================
Observed 45461 total fragments (45461 in most recent round)

[2020-06-14 21:01:38.634] [jointLog] [info] iteration = 100 | max rel diff. = 1.52344e-06
[2020-06-14 21:01:38.636] [jointLog] [info] Finished optimizer
[2020-06-14 21:01:38.636] [jointLog] [info] writing output 

[2020-06-14 21:01:38.837] [jointLog] [warning] NOTE: Read Lib [[ 146B_CA1_2_S61_L003_R1_001.fastq.gz, 146B_CA1_2_S61_L003_R2_001.fastq.gz]] :

Detected a *potential* strand bias > 1% in an unstranded protocol check the file: ../quants/146B_CA1_2_S61_L003_quant/lib_format_counts.json for details

